<?xml version="1.0" encoding="UTF-8"?>
<testng-results ignored="0" total="1" passed="1" failed="0" skipped="0">
  <reporter-output>
  </reporter-output>
  <suite started-at="2022-11-24T08:53:55Z" name="Default suite" finished-at="2022-11-24T08:55:22Z" duration-ms="86448">
    <groups>
    </groups>
    <test started-at="2022-11-24T08:53:55Z" name="Default test" finished-at="2022-11-24T08:55:22Z" duration-ms="86448">
      <class name="TestPage.Assessment">
        <test-method signature="techAssessment()[pri:0, instance:TestPage.Assessment@59e505b2]" started-at="2022-11-24T08:53:56Z" name="techAssessment" finished-at="2022-11-24T08:55:22Z" duration-ms="86352" status="PASS">
          <reporter-output>
          </reporter-output>
        </test-method> <!-- techAssessment -->
      </class> <!-- TestPage.Assessment -->
    </test> <!-- Default test -->
  </suite> <!-- Default suite -->
</testng-results>
